<?xml version="1.0" encoding="UTF-8"?>
<!-- Generated by org.testng.reporters.JUnitXMLReporter -->
<testsuite ignored="0" hostname="DESKTOP-DC5R40U" failures="0" tests="4" name="Create Account cases" time="0.025" errors="0" timestamp="26 Mar 2021 00:42:03 GMT">
  <testcase classname="sel.OnlineSel2021.annonnation.Ann1" name="test1" time="0.003"/>
  <testcase classname="sel.OnlineSel2021.annonnation.Ann1" name="test2" time="0.001"/>
  <testcase classname="sel.OnlineSel2021.annonnation.Ann2" name="test3" time="0.001"/>
  <testcase classname="sel.OnlineSel2021.annonnation.Ann2" name="test4" time="0.001"/>
</testsuite> <!-- Create Account cases -->
