<?xml version="1.0" encoding="UTF-8"?>
<!-- Generated by org.testng.reporters.JUnitXMLReporter -->
<testsuite ignored="6" hostname="DESKTOP-DC5R40U" failures="0" tests="2" name="deal" time="0.014" errors="0" timestamp="26 Mar 2021 01:11:18 GMT">
  <testcase classname="sel.OnlineSel2021.annonnation.Ann1" name="signup" time="0.002"/>
  <testcase classname="sel.OnlineSel2021.annonnation.Ann2" name="test3" time="0.0"/>
  <testcase classname="sel.OnlineSel2021.annonnation.Utility" name="@AfterSuite aSuite" time="0.0">
    <ignored/>
  </testcase> <!-- @AfterSuite aSuite -->
  <testcase classname="sel.OnlineSel2021.annonnation.Utility" name="@BeforeTest bTest" time="0.0">
    <ignored/>
  </testcase> <!-- @BeforeTest bTest -->
  <testcase classname="sel.OnlineSel2021.annonnation.Ann2" name="test4" time="0.0">
    <ignored/>
  </testcase> <!-- test4 -->
  <testcase classname="sel.OnlineSel2021.annonnation.Utility" name="@AfterTest aTest" time="0.0">
    <ignored/>
  </testcase> <!-- @AfterTest aTest -->
  <testcase classname="sel.OnlineSel2021.annonnation.Ann1" name="signIn" time="0.0">
    <ignored/>
  </testcase> <!-- signIn -->
  <testcase classname="sel.OnlineSel2021.annonnation.Utility" name="@BeforeSuite bSuite" time="0.0">
    <ignored/>
  </testcase> <!-- @BeforeSuite bSuite -->
</testsuite> <!-- deal -->
