<?xml version="1.0" encoding="UTF-8"?>
<testng-results ignored="6" total="8" passed="2" failed="0" skipped="0">
  <reporter-output>
  </reporter-output>
  <suite started-at="2021-03-26T01:11:18Z" name="Suite" finished-at="2021-03-26T01:11:18Z" duration-ms="14">
    <groups>
      <group name="smoke">
        <method signature="Ann1.signup()[pri:0, instance:sel.OnlineSel2021.annonnation.Ann1@60b4beb4]" name="signup" class="sel.OnlineSel2021.annonnation.Ann1"/>
        <method signature="Ann2.test3()[pri:0, instance:sel.OnlineSel2021.annonnation.Ann2@2141a12]" name="test3" class="sel.OnlineSel2021.annonnation.Ann2"/>
      </group> <!-- smoke -->
    </groups>
    <test started-at="2021-03-26T01:11:18Z" name="deal" finished-at="2021-03-26T01:11:18Z" duration-ms="14">
      <class name="sel.OnlineSel2021.annonnation.Ann1">
        <test-method is-config="true" signature="bSuite()[pri:0, instance:sel.OnlineSel2021.annonnation.Ann1@60b4beb4]" started-at="2021-03-26T01:11:18Z" name="bSuite" finished-at="2021-03-26T01:11:18Z" duration-ms="5" status="PASS">
          <reporter-output>
          </reporter-output>
        </test-method> <!-- bSuite -->
        <test-method is-config="true" signature="bTest()[pri:0, instance:sel.OnlineSel2021.annonnation.Ann1@60b4beb4]" started-at="2021-03-26T01:11:18Z" name="bTest" finished-at="2021-03-26T01:11:18Z" duration-ms="1" status="PASS">
          <reporter-output>
          </reporter-output>
        </test-method> <!-- bTest -->
        <test-method signature="signup()[pri:0, instance:sel.OnlineSel2021.annonnation.Ann1@60b4beb4]" started-at="2021-03-26T01:11:18Z" name="signup" finished-at="2021-03-26T01:11:18Z" duration-ms="2" status="PASS">
          <reporter-output>
          </reporter-output>
        </test-method> <!-- signup -->
        <test-method is-config="true" signature="aTest()[pri:0, instance:sel.OnlineSel2021.annonnation.Ann1@60b4beb4]" started-at="2021-03-26T01:11:18Z" name="aTest" finished-at="2021-03-26T01:11:18Z" duration-ms="0" status="PASS">
          <reporter-output>
          </reporter-output>
        </test-method> <!-- aTest -->
        <test-method is-config="true" signature="aSuite()[pri:0, instance:sel.OnlineSel2021.annonnation.Ann1@60b4beb4]" started-at="2021-03-26T01:11:18Z" name="aSuite" finished-at="2021-03-26T01:11:18Z" duration-ms="0" status="PASS">
          <reporter-output>
          </reporter-output>
        </test-method> <!-- aSuite -->
      </class> <!-- sel.OnlineSel2021.annonnation.Ann1 -->
      <class name="sel.OnlineSel2021.annonnation.Ann2">
        <test-method signature="test3()[pri:0, instance:sel.OnlineSel2021.annonnation.Ann2@2141a12]" started-at="2021-03-26T01:11:18Z" name="test3" finished-at="2021-03-26T01:11:18Z" duration-ms="0" status="PASS">
          <reporter-output>
          </reporter-output>
        </test-method> <!-- test3 -->
      </class> <!-- sel.OnlineSel2021.annonnation.Ann2 -->
    </test> <!-- deal -->
  </suite> <!-- Suite -->
</testng-results>
